build/app/intermediates/manifest_merge_blame_file/debug/manifest-merger-blame-debug-report.txt
1<?xml version="1.0" encoding="utf-8"?>
2<manifest xmlns:android="http://schemas.android.com/apk/res/android"
3    package="com.juhwan976.alarm_test"
4    android:versionCode="1"
5    android:versionName="1.0.0" >
6
7    <uses-sdk
8        android:minSdkVersion="16"
9        android:targetSdkVersion="29" />
10    <!--
11         Flutter needs it to communicate with the running application
12         to allow setting breakpoints, to provide hot reload, etc.
13    -->
14    <uses-permission android:name="android.permission.INTERNET" />
14-->src/debug/AndroidManifest.xml:6:5-66
14-->src/debug/AndroidManifest.xml:6:22-64
15    <!--
16     io.flutter.app.FlutterApplication is an android.app.Application that
17         calls FlutterMain.startInitialization(this); in its onCreate method.
18         In most cases you can leave this as-is, but you if you want to provide
19         additional functionality it is fine to subclass or reimplement
20         FlutterApplication and put your custom class here.
21    -->
22    <uses-permission android:name="android.permission.RECEIVE_BOOT_COMPLETED" />
22-->src/main/AndroidManifest.xml:8:5-80
22-->src/main/AndroidManifest.xml:8:22-78
23    <uses-permission android:name="android.permission.VIBRATE" />
23-->src/main/AndroidManifest.xml:9:5-66
23-->src/main/AndroidManifest.xml:9:22-63
24    <uses-permission android:name="android.permission.WAKE_LOCK" />
24-->src/main/AndroidManifest.xml:10:5-68
24-->src/main/AndroidManifest.xml:10:22-65
25    <uses-permission android:name="android.permission.USE_FULL_SCREEN_INTENT" />
25-->src/main/AndroidManifest.xml:11:5-81
25-->src/main/AndroidManifest.xml:11:22-78
26    <uses-permission android:name="android.permission.ACCESS_NETWORK_STATE" />
26-->[androidx.work:work-runtime:2.3.4] AndroidManifest.xml:26:5-79
26-->[androidx.work:work-runtime:2.3.4] AndroidManifest.xml:26:22-76
27    <uses-permission android:name="android.permission.FOREGROUND_SERVICE" />
27-->[androidx.work:work-runtime:2.3.4] AndroidManifest.xml:28:5-77
27-->[androidx.work:work-runtime:2.3.4] AndroidManifest.xml:28:22-74
28
29    <application
29-->src/main/AndroidManifest.xml:12:5-61:19
30        android:name="io.flutter.app.FlutterApplication"
30-->src/main/AndroidManifest.xml:13:9-57
31        android:appComponentFactory="androidx.core.app.CoreComponentFactory"
31-->[androidx.core:core:1.3.0] AndroidManifest.xml:24:18-86
32        android:debuggable="true"
33        android:icon="@mipmap/ic_launcher"
33-->src/main/AndroidManifest.xml:15:9-43
34        android:label="alarm_test" >
34-->src/main/AndroidManifest.xml:14:9-35
35        <activity
35-->src/main/AndroidManifest.xml:16:9-46:20
36            android:name="com.juhwan976.alarm_test.MainActivity"
36-->src/main/AndroidManifest.xml:17:13-41
37            android:configChanges="orientation|keyboardHidden|keyboard|screenSize|smallestScreenSize|locale|layoutDirection|fontScale|screenLayout|density|uiMode"
37-->src/main/AndroidManifest.xml:20:13-163
38            android:hardwareAccelerated="true"
38-->src/main/AndroidManifest.xml:21:13-47
39            android:launchMode="singleTop"
39-->src/main/AndroidManifest.xml:18:13-43
40            android:showWhenLocked="true"
40-->src/main/AndroidManifest.xml:23:13-42
41            android:theme="@style/LaunchTheme"
41-->src/main/AndroidManifest.xml:19:13-47
42            android:turnScreenOn="true"
42-->src/main/AndroidManifest.xml:24:13-40
43            android:windowSoftInputMode="adjustResize" >
43-->src/main/AndroidManifest.xml:22:13-55
44
45            <!--
46                 Specifies an Android theme to apply to this Activity as soon as
47                 the Android process has started. This theme is visible to the user
48                 while the Flutter UI initializes. After that, this theme continues
49                 to determine the Window background behind the Flutter UI.
50            -->
51            <meta-data
51-->src/main/AndroidManifest.xml:29:13-32:17
52                android:name="io.flutter.embedding.android.NormalTheme"
52-->src/main/AndroidManifest.xml:30:15-70
53                android:resource="@style/NormalTheme" />
53-->src/main/AndroidManifest.xml:31:15-52
54            <!--
55                 Displays an Android View that continues showing the launch screen
56                 Drawable until Flutter paints its first frame, then this splash
57                 screen fades out. A splash screen is useful to avoid any visual
58                 gap between the end of Android's launch screen and the painting of
59                 Flutter's first frame.
60            -->
61            <meta-data
61-->src/main/AndroidManifest.xml:38:13-41:17
62                android:name="io.flutter.embedding.android.SplashScreenDrawable"
62-->src/main/AndroidManifest.xml:39:15-79
63                android:resource="@drawable/launch_background" />
63-->src/main/AndroidManifest.xml:40:15-61
64
65            <intent-filter>
65-->src/main/AndroidManifest.xml:42:13-45:29
66                <action android:name="android.intent.action.MAIN" />
66-->src/main/AndroidManifest.xml:43:17-68
66-->src/main/AndroidManifest.xml:43:25-66
67
68                <category android:name="android.intent.category.LAUNCHER" />
68-->src/main/AndroidManifest.xml:44:17-76
68-->src/main/AndroidManifest.xml:44:27-74
69            </intent-filter>
70        </activity>
71
72        <receiver android:name="com.dexterous.flutterlocalnotifications.ScheduledNotificationReceiver" />
72-->src/main/AndroidManifest.xml:47:9-106
72-->src/main/AndroidManifest.xml:47:19-103
73        <receiver android:name="com.dexterous.flutterlocalnotifications.ScheduledNotificationBootReceiver" >
73-->src/main/AndroidManifest.xml:48:9-55:20
73-->src/main/AndroidManifest.xml:48:19-107
74            <intent-filter>
74-->src/main/AndroidManifest.xml:49:13-54:29
75                <action android:name="android.intent.action.BOOT_COMPLETED" />
75-->src/main/AndroidManifest.xml:50:17-78
75-->src/main/AndroidManifest.xml:50:25-76
76                <action android:name="android.intent.action.MY_PACKAGE_REPLACED" />
76-->src/main/AndroidManifest.xml:51:17-83
76-->src/main/AndroidManifest.xml:51:25-81
77                <action android:name="android.intent.action.QUICKBOOT_POWERON" />
77-->src/main/AndroidManifest.xml:52:17-82
77-->src/main/AndroidManifest.xml:52:25-79
78                <action android:name="com.htc.intent.action.QUICKBOOT_POWERON" />
78-->src/main/AndroidManifest.xml:53:17-81
78-->src/main/AndroidManifest.xml:53:25-79
79            </intent-filter>
80        </receiver>
81        <!--
82             Don't delete the meta-data below.
83             This is used by the Flutter tool to generate GeneratedPluginRegistrant.java
84        -->
85        <meta-data
85-->src/main/AndroidManifest.xml:58:9-60:33
86            android:name="flutterEmbedding"
86-->src/main/AndroidManifest.xml:59:13-44
87            android:value="2" />
87-->src/main/AndroidManifest.xml:60:13-30
88
89        <provider
89-->[androidx.work:work-runtime:2.3.4] AndroidManifest.xml:31:9-37:35
90            android:name="androidx.work.impl.WorkManagerInitializer"
90-->[androidx.work:work-runtime:2.3.4] AndroidManifest.xml:32:13-69
91            android:authorities="com.juhwan976.alarm_test.workmanager-init"
91-->[androidx.work:work-runtime:2.3.4] AndroidManifest.xml:33:13-68
92            android:directBootAware="false"
92-->[androidx.work:work-runtime:2.3.4] AndroidManifest.xml:34:13-44
93            android:exported="false"
93-->[androidx.work:work-runtime:2.3.4] AndroidManifest.xml:35:13-37
94            android:multiprocess="true" />
94-->[androidx.work:work-runtime:2.3.4] AndroidManifest.xml:36:13-40
95
96        <service
96-->[androidx.work:work-runtime:2.3.4] AndroidManifest.xml:39:9-44:35
97            android:name="androidx.work.impl.background.systemalarm.SystemAlarmService"
97-->[androidx.work:work-runtime:2.3.4] AndroidManifest.xml:40:13-88
98            android:directBootAware="false"
98-->[androidx.work:work-runtime:2.3.4] AndroidManifest.xml:41:13-44
99            android:enabled="@bool/enable_system_alarm_service_default"
99-->[androidx.work:work-runtime:2.3.4] AndroidManifest.xml:42:13-72
100            android:exported="false" />
100-->[androidx.work:work-runtime:2.3.4] AndroidManifest.xml:43:13-37
101        <service
101-->[androidx.work:work-runtime:2.3.4] AndroidManifest.xml:45:9-51:35
102            android:name="androidx.work.impl.background.systemjob.SystemJobService"
102-->[androidx.work:work-runtime:2.3.4] AndroidManifest.xml:46:13-84
103            android:directBootAware="false"
103-->[androidx.work:work-runtime:2.3.4] AndroidManifest.xml:47:13-44
104            android:enabled="@bool/enable_system_job_service_default"
104-->[androidx.work:work-runtime:2.3.4] AndroidManifest.xml:48:13-70
105            android:exported="true"
105-->[androidx.work:work-runtime:2.3.4] AndroidManifest.xml:49:13-36
106            android:permission="android.permission.BIND_JOB_SERVICE" />
106-->[androidx.work:work-runtime:2.3.4] AndroidManifest.xml:50:13-69
107        <service
107-->[androidx.work:work-runtime:2.3.4] AndroidManifest.xml:52:9-57:35
108            android:name="androidx.work.impl.foreground.SystemForegroundService"
108-->[androidx.work:work-runtime:2.3.4] AndroidManifest.xml:53:13-81
109            android:directBootAware="false"
109-->[androidx.work:work-runtime:2.3.4] AndroidManifest.xml:54:13-44
110            android:enabled="@bool/enable_system_foreground_service_default"
110-->[androidx.work:work-runtime:2.3.4] AndroidManifest.xml:55:13-77
111            android:exported="false" />
111-->[androidx.work:work-runtime:2.3.4] AndroidManifest.xml:56:13-37
112
113        <receiver
113-->[androidx.work:work-runtime:2.3.4] AndroidManifest.xml:59:9-64:35
114            android:name="androidx.work.impl.utils.ForceStopRunnable$BroadcastReceiver"
114-->[androidx.work:work-runtime:2.3.4] AndroidManifest.xml:60:13-88
115            android:directBootAware="false"
115-->[androidx.work:work-runtime:2.3.4] AndroidManifest.xml:61:13-44
116            android:enabled="true"
116-->[androidx.work:work-runtime:2.3.4] AndroidManifest.xml:62:13-35
117            android:exported="false" />
117-->[androidx.work:work-runtime:2.3.4] AndroidManifest.xml:63:13-37
118        <receiver
118-->[androidx.work:work-runtime:2.3.4] AndroidManifest.xml:65:9-75:20
119            android:name="androidx.work.impl.background.systemalarm.ConstraintProxy$BatteryChargingProxy"
119-->[androidx.work:work-runtime:2.3.4] AndroidManifest.xml:66:13-106
120            android:directBootAware="false"
120-->[androidx.work:work-runtime:2.3.4] AndroidManifest.xml:67:13-44
121            android:enabled="false"
121-->[androidx.work:work-runtime:2.3.4] AndroidManifest.xml:68:13-36
122            android:exported="false" >
122-->[androidx.work:work-runtime:2.3.4] AndroidManifest.xml:69:13-37
123            <intent-filter>
123-->[androidx.work:work-runtime:2.3.4] AndroidManifest.xml:71:13-74:29
124                <action android:name="android.intent.action.ACTION_POWER_CONNECTED" />
124-->[androidx.work:work-runtime:2.3.4] AndroidManifest.xml:72:17-87
124-->[androidx.work:work-runtime:2.3.4] AndroidManifest.xml:72:25-84
125                <action android:name="android.intent.action.ACTION_POWER_DISCONNECTED" />
125-->[androidx.work:work-runtime:2.3.4] AndroidManifest.xml:73:17-90
125-->[androidx.work:work-runtime:2.3.4] AndroidManifest.xml:73:25-87
126            </intent-filter>
127        </receiver>
128        <receiver
128-->[androidx.work:work-runtime:2.3.4] AndroidManifest.xml:76:9-86:20
129            android:name="androidx.work.impl.background.systemalarm.ConstraintProxy$BatteryNotLowProxy"
129-->[androidx.work:work-runtime:2.3.4] AndroidManifest.xml:77:13-104
130            android:directBootAware="false"
130-->[androidx.work:work-runtime:2.3.4] AndroidManifest.xml:78:13-44
131            android:enabled="false"
131-->[androidx.work:work-runtime:2.3.4] AndroidManifest.xml:79:13-36
132            android:exported="false" >
132-->[androidx.work:work-runtime:2.3.4] AndroidManifest.xml:80:13-37
133            <intent-filter>
133-->[androidx.work:work-runtime:2.3.4] AndroidManifest.xml:82:13-85:29
134                <action android:name="android.intent.action.BATTERY_OKAY" />
134-->[androidx.work:work-runtime:2.3.4] AndroidManifest.xml:83:17-77
134-->[androidx.work:work-runtime:2.3.4] AndroidManifest.xml:83:25-74
135                <action android:name="android.intent.action.BATTERY_LOW" />
135-->[androidx.work:work-runtime:2.3.4] AndroidManifest.xml:84:17-76
135-->[androidx.work:work-runtime:2.3.4] AndroidManifest.xml:84:25-73
136            </intent-filter>
137        </receiver>
138        <receiver
138-->[androidx.work:work-runtime:2.3.4] AndroidManifest.xml:87:9-97:20
139            android:name="androidx.work.impl.background.systemalarm.ConstraintProxy$StorageNotLowProxy"
139-->[androidx.work:work-runtime:2.3.4] AndroidManifest.xml:88:13-104
140            android:directBootAware="false"
140-->[androidx.work:work-runtime:2.3.4] AndroidManifest.xml:89:13-44
141            android:enabled="false"
141-->[androidx.work:work-runtime:2.3.4] AndroidManifest.xml:90:13-36
142            android:exported="false" >
142-->[androidx.work:work-runtime:2.3.4] AndroidManifest.xml:91:13-37
143            <intent-filter>
143-->[androidx.work:work-runtime:2.3.4] AndroidManifest.xml:93:13-96:29
144                <action android:name="android.intent.action.DEVICE_STORAGE_LOW" />
144-->[androidx.work:work-runtime:2.3.4] AndroidManifest.xml:94:17-83
144-->[androidx.work:work-runtime:2.3.4] AndroidManifest.xml:94:25-80
145                <action android:name="android.intent.action.DEVICE_STORAGE_OK" />
145-->[androidx.work:work-runtime:2.3.4] AndroidManifest.xml:95:17-82
145-->[androidx.work:work-runtime:2.3.4] AndroidManifest.xml:95:25-79
146            </intent-filter>
147        </receiver>
148        <receiver
148-->[androidx.work:work-runtime:2.3.4] AndroidManifest.xml:98:9-107:20
149            android:name="androidx.work.impl.background.systemalarm.ConstraintProxy$NetworkStateProxy"
149-->[androidx.work:work-runtime:2.3.4] AndroidManifest.xml:99:13-103
150            android:directBootAware="false"
150-->[androidx.work:work-runtime:2.3.4] AndroidManifest.xml:100:13-44
151            android:enabled="false"
151-->[androidx.work:work-runtime:2.3.4] AndroidManifest.xml:101:13-36
152            android:exported="false" >
152-->[androidx.work:work-runtime:2.3.4] AndroidManifest.xml:102:13-37
153            <intent-filter>
153-->[androidx.work:work-runtime:2.3.4] AndroidManifest.xml:104:13-106:29
154                <action android:name="android.net.conn.CONNECTIVITY_CHANGE" />
154-->[androidx.work:work-runtime:2.3.4] AndroidManifest.xml:105:17-79
154-->[androidx.work:work-runtime:2.3.4] AndroidManifest.xml:105:25-76
155            </intent-filter>
156        </receiver>
157        <receiver
157-->[androidx.work:work-runtime:2.3.4] AndroidManifest.xml:108:9-119:20
158            android:name="androidx.work.impl.background.systemalarm.RescheduleReceiver"
158-->[androidx.work:work-runtime:2.3.4] AndroidManifest.xml:109:13-88
159            android:directBootAware="false"
159-->[androidx.work:work-runtime:2.3.4] AndroidManifest.xml:110:13-44
160            android:enabled="false"
160-->[androidx.work:work-runtime:2.3.4] AndroidManifest.xml:111:13-36
161            android:exported="false" >
161-->[androidx.work:work-runtime:2.3.4] AndroidManifest.xml:112:13-37
162            <intent-filter>
162-->[androidx.work:work-runtime:2.3.4] AndroidManifest.xml:114:13-118:29
163                <action android:name="android.intent.action.BOOT_COMPLETED" />
163-->src/main/AndroidManifest.xml:50:17-78
163-->src/main/AndroidManifest.xml:50:25-76
164                <action android:name="android.intent.action.TIME_SET" />
164-->[androidx.work:work-runtime:2.3.4] AndroidManifest.xml:116:17-73
164-->[androidx.work:work-runtime:2.3.4] AndroidManifest.xml:116:25-70
165                <action android:name="android.intent.action.TIMEZONE_CHANGED" />
165-->[androidx.work:work-runtime:2.3.4] AndroidManifest.xml:117:17-81
165-->[androidx.work:work-runtime:2.3.4] AndroidManifest.xml:117:25-78
166            </intent-filter>
167        </receiver>
168        <receiver
168-->[androidx.work:work-runtime:2.3.4] AndroidManifest.xml:120:9-129:20
169            android:name="androidx.work.impl.background.systemalarm.ConstraintProxyUpdateReceiver"
169-->[androidx.work:work-runtime:2.3.4] AndroidManifest.xml:121:13-99
170            android:directBootAware="false"
170-->[androidx.work:work-runtime:2.3.4] AndroidManifest.xml:122:13-44
171            android:enabled="@bool/enable_system_alarm_service_default"
171-->[androidx.work:work-runtime:2.3.4] AndroidManifest.xml:123:13-72
172            android:exported="false" >
172-->[androidx.work:work-runtime:2.3.4] AndroidManifest.xml:124:13-37
173            <intent-filter>
173-->[androidx.work:work-runtime:2.3.4] AndroidManifest.xml:126:13-128:29
174                <action android:name="androidx.work.impl.background.systemalarm.UpdateProxies" />
174-->[androidx.work:work-runtime:2.3.4] AndroidManifest.xml:127:17-98
174-->[androidx.work:work-runtime:2.3.4] AndroidManifest.xml:127:25-95
175            </intent-filter>
176        </receiver>
177
178        <service
178-->[androidx.room:room-runtime:2.2.3] AndroidManifest.xml:25:9-27:40
179            android:name="androidx.room.MultiInstanceInvalidationService"
179-->[androidx.room:room-runtime:2.2.3] AndroidManifest.xml:26:13-74
180            android:exported="false" />
180-->[androidx.room:room-runtime:2.2.3] AndroidManifest.xml:27:13-37
181    </application>
182
183</manifest>